{"/Users/jaimefreire/Documents/Work/BCG/microservices/docker-wkhtmltopdf-aas/app.coffee":{"path":"/Users/jaimefreire/Documents/Work/BCG/microservices/docker-wkhtmltopdf-aas/app.coffee","s":{"1":1,"2":1,"3":1,"4":1,"5":1,"6":1,"7":1,"8":1,"9":1,"10":1,"11":1,"12":1,"13":1,"14":1,"15":1,"16":1,"17":4,"18":1,"19":1,"20":1,"21":1,"22":1,"23":1,"24":2,"25":4,"26":2,"27":2,"28":2,"29":2,"30":1,"31":1,"32":7,"33":7,"34":0,"35":2,"36":2,"37":2,"38":1,"39":1,"40":0,"41":1,"42":1},"b":{"1":[2,2],"2":[1,1],"3":[7,0]},"f":{"1":4,"2":2,"3":4,"4":2,"5":7,"6":2,"7":1,"8":0},"fnMap":{"1":{"name":"(anonymous_1)","line":17,"loc":{"start":{"line":17,"column":23},"end":{"line":18,"column":57}},"decl":{"start":{"line":17,"column":23},"end":{"line":17,"column":41}}},"2":{"name":"(anonymous_2)","line":26,"loc":{"start":{"line":26,"column":33},"end":{"line":53,"column":53}},"decl":{"start":{"line":26,"column":33},"end":{"line":26,"column":45}}},"3":{"name":"decode","line":28,"loc":{"start":{"line":28,"column":11},"end":{"line":29,"column":63}},"decl":{"start":{"line":28,"column":2},"end":{"line":28,"column":21}}},"4":{"name":"argumentize","line":34,"loc":{"start":{"line":34,"column":16},"end":{"line":38,"column":22}},"decl":{"start":{"line":34,"column":2},"end":{"line":34,"column":27}}},"5":{"name":"(anonymous_3)","line":36,"loc":{"start":{"line":36,"column":23},"end":{"line":38,"column":22}},"decl":{"start":{"line":36,"column":23},"end":{"line":36,"column":35}}},"6":{"name":"(anonymous_4)","line":44,"loc":{"start":{"line":44,"column":2},"end":{"line":53,"column":53}},"decl":{"start":{"line":44,"column":2},"end":{"line":44,"column":29}}},"7":{"name":"(anonymous_5)","line":49,"loc":{"start":{"line":49,"column":10},"end":{"line":51,"column":49}},"decl":{"start":{"line":49,"column":10},"end":{"line":49,"column":11}}},"8":{"name":"(anonymous_6)","line":52,"loc":{"start":{"line":52,"column":11},"end":{"line":53,"column":53}},"decl":{"start":{"line":52,"column":11},"end":{"line":52,"column":12}}}},"statementMap":{"1":{"start":{"line":1,"column":0},"end":{"line":1,"column":56}},"2":{"start":{"line":2,"column":0},"end":{"line":2,"column":48}},"3":{"start":{"line":3,"column":0},"end":{"line":3,"column":40}},"4":{"start":{"line":4,"column":0},"end":{"line":4,"column":40}},"5":{"start":{"line":5,"column":0},"end":{"line":5,"column":34}},"6":{"start":{"line":6,"column":0},"end":{"line":6,"column":33}},"7":{"start":{"line":7,"column":0},"end":{"line":7,"column":30}},"8":{"start":{"line":8,"column":0},"end":{"line":8,"column":27}},"9":{"start":{"line":9,"column":0},"end":{"line":9,"column":28}},"10":{"start":{"line":10,"column":0},"end":{"line":10,"column":26}},"11":{"start":{"line":11,"column":0},"end":{"line":11,"column":25}},"12":{"start":{"line":12,"column":0},"end":{"line":12,"column":21}},"13":{"start":{"line":13,"column":0},"end":{"line":13,"column":19}},"14":{"start":{"line":14,"column":0},"end":{"line":14,"column":16}},"15":{"start":{"line":15,"column":0},"end":{"line":15,"column":14}},"16":{"start":{"line":17,"column":0},"end":{"line":18,"column":57}},"17":{"start":{"line":18,"column":2},"end":{"line":18,"column":57}},"18":{"start":{"line":20,"column":0},"end":{"line":20,"column":26}},"19":{"start":{"line":21,"column":0},"end":{"line":21,"column":15}},"20":{"start":{"line":22,"column":0},"end":{"line":22,"column":26}},"21":{"start":{"line":23,"column":0},"end":{"line":23,"column":22}},"22":{"start":{"line":24,"column":0},"end":{"line":24,"column":56}},"23":{"start":{"line":26,"column":0},"end":{"line":53,"column":53}},"24":{"start":{"line":28,"column":2},"end":{"line":29,"column":63}},"25":{"start":{"line":29,"column":4},"end":{"line":29,"column":63}},"26":{"start":{"line":29,"column":4},"end":{"line":29,"column":52}},"27":{"start":{"line":31,"column":2},"end":{"line":31,"column":63}},"28":{"start":{"line":34,"column":2},"end":{"line":38,"column":22}},"29":{"start":{"line":35,"column":4},"end":{"line":35,"column":28}},"30":{"start":{"line":35,"column":4},"end":{"line":35,"column":12}},"31":{"start":{"line":36,"column":4},"end":{"line":38,"column":22}},"32":{"start":{"line":37,"column":6},"end":{"line":38,"column":22}},"33":{"start":{"line":37,"column":18},"end":{"line":37,"column":34}},"34":{"start":{"line":38,"column":11},"end":{"line":38,"column":22}},"35":{"start":{"line":41,"column":2},"end":{"line":53,"column":53}},"36":{"start":{"line":47,"column":4},"end":{"line":53,"column":53}},"37":{"start":{"line":47,"column":26},"end":{"line":48,"column":56}},"38":{"start":{"line":50,"column":6},"end":{"line":50,"column":52}},"39":{"start":{"line":51,"column":6},"end":{"line":51,"column":49}},"40":{"start":{"line":53,"column":6},"end":{"line":53,"column":53}},"41":{"start":{"line":55,"column":0},"end":{"line":55,"column":34}},"42":{"start":{"line":56,"column":0},"end":{"line":56,"column":19}}},"branchMap":{"1":{"line":29,"loc":{"start":{"line":29,"column":4},"end":{"line":29,"column":4}},"type":"if","locations":[{"start":{"line":29,"column":4},"end":{"line":29,"column":4}},{"start":{"line":29,"column":4},"end":{"line":29,"column":4}}]},"2":{"line":35,"loc":{"start":{"line":35,"column":4},"end":{"line":35,"column":4}},"type":"if","locations":[{"start":{"line":35,"column":4},"end":{"line":35,"column":4}},{"start":{"line":35,"column":4},"end":{"line":35,"column":4}}]},"3":{"line":37,"loc":{"start":{"line":37,"column":6},"end":{"line":37,"column":6}},"type":"if","locations":[{"start":{"line":37,"column":6},"end":{"line":37,"column":6}},{"start":{"line":37,"column":6},"end":{"line":37,"column":6}}]}}}}